# JRE version: Java(TM) SE Runtime Environment (17.0.11+7) (build 17.0.11+7-LTS-207)
# Java VM: Java HotSpot(TM) 64-Bit Server VM (17.0.11+7-LTS-207, mixed mode, sharing, tiered, compressed oops, compressed class ptrs, g1 gc, windows-amd64)
GC Precious Log:
 CPUs: 8 total, 8 available
 Memory: 16026M
 Large Page Support: Disabled
 NUMA Support: Disabled
 Compressed Oops: Enabled (Zero based)
 Heap Region Size: 2M
 Heap Min Capacity: 8M
 Heap Initial Capacity: 252M
 Heap Max Capacity: 4008M
 Pre-touch: Disabled
 Parallel Workers: 8
 Concurrent Workers: 2
 Concurrent Refinement Workers: 8
 Periodic GC: Disabled
Heap:
 garbage-first heap   total 690176K, used 221176K [0x0000000705800000, 0x0000000800000000)
  region size 2048K, 8 young (16384K), 8 survivors (16384K)
 Metaspace       used 565861K, committed 570240K, reserved 1572864K
  class space    used 51751K, committed 53696K, reserved 1048576K
GC Heap History (20 events):
Event: 9095.289 GC heap after
{Heap after GC invocations=599 (full 156):
 garbage-first heap   total 690176K, used 218102K [0x0000000705800000, 0x0000000800000000)
  region size 2048K, 9 young (18432K), 9 survivors (18432K)
 Metaspace       used 560672K, committed 564992K, reserved 1572864K
  class space    used 51316K, committed 53248K, reserved 1048576K
}
Event: 9101.185 GC heap before
{Heap before GC invocations=599 (full 156):
 garbage-first heap   total 690176K, used 289782K [0x0000000705800000, 0x0000000800000000)
  region size 2048K, 45 young (92160K), 9 survivors (18432K)
 Metaspace       used 560675K, committed 565056K, reserved 1572864K
  class space    used 51316K, committed 53248K, reserved 1048576K
}
Event: 9101.427 GC heap after
{Heap after GC invocations=600 (full 157):
 garbage-first heap   total 690176K, used 202003K [0x0000000705800000, 0x0000000800000000)
  region size 2048K, 0 young (0K), 0 survivors (0K)
 Metaspace       used 560656K, committed 565056K, reserved 1572864K
  class space    used 51315K, committed 53248K, reserved 1048576K
}
Event: 9116.330 GC heap before
{Heap before GC invocations=600 (full 157):
 garbage-first heap   total 690176K, used 572691K [0x0000000705800000, 0x0000000800000000)
  region size 2048K, 182 young (372736K), 0 survivors (0K)
 Metaspace       used 563264K, committed 567680K, reserved 1572864K
  class space    used 51535K, committed 53504K, reserved 1048576K
}
Event: 9116.344 GC heap after
{Heap after GC invocations=601 (full 157):
 garbage-first heap   total 690176K, used 217524K [0x0000000705800000, 0x0000000800000000)
  region size 2048K, 8 young (16384K), 8 survivors (16384K)
 Metaspace       used 563264K, committed 567680K, reserved 1572864K
  class space    used 51535K, committed 53504K, reserved 1048576K
}
Event: 9150.755 GC heap before
{Heap before GC invocations=601 (full 157):
 garbage-first heap   total 690176K, used 573876K [0x0000000705800000, 0x0000000800000000)
  region size 2048K, 182 young (372736K), 8 survivors (16384K)
 Metaspace       used 563332K, committed 567744K, reserved 1572864K
  class space    used 51541K, committed 53504K, reserved 1048576K
}
Event: 9150.768 GC heap after
{Heap after GC invocations=602 (full 157):
 garbage-first heap   total 690176K, used 217796K [0x0000000705800000, 0x0000000800000000)
  region size 2048K, 8 young (16384K), 8 survivors (16384K)
 Metaspace       used 563332K, committed 567744K, reserved 1572864K
  class space    used 51541K, committed 53504K, reserved 1048576K
}
Event: 9180.403 GC heap before
{Heap before GC invocations=602 (full 157):
 garbage-first heap   total 690176K, used 580292K [0x0000000705800000, 0x0000000800000000)
  region size 2048K, 185 young (378880K), 8 survivors (16384K)
 Metaspace       used 563332K, committed 567744K, reserved 1572864K
  class space    used 51541K, committed 53504K, reserved 1048576K
}
Event: 9180.417 GC heap after
{Heap after GC invocations=603 (full 157):
 garbage-first heap   total 690176K, used 217795K [0x0000000705800000, 0x0000000800000000)
  region size 2048K, 8 young (16384K), 8 survivors (16384K)
 Metaspace       used 563332K, committed 567744K, reserved 1572864K
  class space    used 51541K, committed 53504K, reserved 1048576K
}
Event: 9211.623 GC heap before
{Heap before GC invocations=603 (full 157):
 garbage-first heap   total 690176K, used 586435K [0x0000000705800000, 0x0000000800000000)
  region size 2048K, 188 young (385024K), 8 survivors (16384K)
 Metaspace       used 563332K, committed 567744K, reserved 1572864K
  class space    used 51541K, committed 53504K, reserved 1048576K
}
Event: 9211.637 GC heap after
{Heap after GC invocations=604 (full 157):
 garbage-first heap   total 690176K, used 218120K [0x0000000705800000, 0x0000000800000000)
  region size 2048K, 8 young (16384K), 8 survivors (16384K)
 Metaspace       used 563332K, committed 567744K, reserved 1572864K
  class space    used 51541K, committed 53504K, reserved 1048576K
}
Event: 9244.024 GC heap before
{Heap before GC invocations=604 (full 157):
 garbage-first heap   total 690176K, used 592904K [0x0000000705800000, 0x0000000800000000)
  region size 2048K, 191 young (391168K), 8 survivors (16384K)
 Metaspace       used 563332K, committed 567744K, reserved 1572864K
  class space    used 51541K, committed 53504K, reserved 1048576K
}
Event: 9244.035 GC heap after
{Heap after GC invocations=605 (full 157):
 garbage-first heap   total 690176K, used 218147K [0x0000000705800000, 0x0000000800000000)
  region size 2048K, 8 young (16384K), 8 survivors (16384K)
 Metaspace       used 563332K, committed 567744K, reserved 1572864K
  class space    used 51541K, committed 53504K, reserved 1048576K
}
Event: 9275.406 GC heap before
{Heap before GC invocations=605 (full 157):
 garbage-first heap   total 690176K, used 594979K [0x0000000705800000, 0x0000000800000000)
  region size 2048K, 192 young (393216K), 8 survivors (16384K)
 Metaspace       used 563334K, committed 567744K, reserved 1572864K
  class space    used 51541K, committed 53504K, reserved 1048576K
}
Event: 9275.425 GC heap after
{Heap after GC invocations=606 (full 157):
 garbage-first heap   total 690176K, used 218746K [0x0000000705800000, 0x0000000800000000)
  region size 2048K, 9 young (18432K), 9 survivors (18432K)
 Metaspace       used 563334K, committed 567744K, reserved 1572864K
  class space    used 51541K, committed 53504K, reserved 1048576K
}
Event: 9308.190 GC heap before
{Heap before GC invocations=606 (full 157):
 garbage-first heap   total 690176K, used 593530K [0x0000000705800000, 0x0000000800000000)
  region size 2048K, 192 young (393216K), 9 survivors (18432K)
 Metaspace       used 563334K, committed 567744K, reserved 1572864K
  class space    used 51541K, committed 53504K, reserved 1048576K
}
Event: 9308.205 GC heap after
{Heap after GC invocations=607 (full 157):
 garbage-first heap   total 690176K, used 219474K [0x0000000705800000, 0x0000000800000000)
  region size 2048K, 9 young (18432K), 9 survivors (18432K)
 Metaspace       used 563334K, committed 567744K, reserved 1572864K
  class space    used 51541K, committed 53504K, reserved 1048576K
}
Event: 9308.900 GC heap before
{Heap before GC invocations=607 (full 157):
 garbage-first heap   total 690176K, used 229714K [0x0000000705800000, 0x0000000800000000)
  region size 2048K, 15 young (30720K), 9 survivors (18432K)
 Metaspace       used 563337K, committed 567744K, reserved 1572864K
  class space    used 51541K, committed 53504K, reserved 1048576K
}
Event: 9312.615 GC heap after
{Heap after GC invocations=608 (full 158):
 garbage-first heap   total 690176K, used 204792K [0x0000000705800000, 0x0000000800000000)
  region size 2048K, 0 young (0K), 0 survivors (0K)
 Metaspace       used 563270K, committed 567744K, reserved 1572864K
  class space    used 51528K, committed 53504K, reserved 1048576K
}
Event: 9328.869 GC heap before
{Heap before GC invocations=608 (full 158):
 garbage-first heap   total 690176K, used 598008K [0x0000000705800000, 0x0000000800000000)
  region size 2048K, 193 young (395264K), 0 survivors (0K)
 Metaspace       used 565861K, committed 570240K, reserved 1572864K
  class space    used 51751K, committed 53696K, reserved 1048576K
}

